<?xml version="1.0" encoding="UTF-8"?>
<!-- Generated by org.testng.reporters.JUnitReportReporter -->
<testsuite hostname="DESKTOP-RACEI30" failures="0" tests="3" name="cucumberOptions.TestNG_Runner" time="0.143" errors="0" timestamp="2024-02-24T12:53:30 CST" skipped="0">
  <testcase classname="cucumberOptions.TestNG_Runner" name="runScenario" time="0.010"/>
  <testcase classname="cucumberOptions.TestNG_Runner" name="runScenario" time="0.103"/>
  <testcase classname="cucumberOptions.TestNG_Runner" name="runScenario" time="0.030"/>
</testsuite> <!-- cucumberOptions.TestNG_Runner -->
